INFO: [SIM 2] *************** CSIM start ***************
INFO: [SIM 4] CSIM will launch GCC as the compiler.
   Compiling ../../../main.cpp in debug mode
   Compiling ../../../tb_fir.cpp in debug mode
   Compiling ../../../fir.cpp in debug mode
   Generating csim.exe
INFO: Simulating
0 :	0
1 :	0
2 :	0
3 :	0
4 :	0
5 :	0
6 :	0
7 :	0
8 :	0
9 :	0
10 :	0
11 :	0
12 :	0
13 :	0
14 :	0
15 :	0
16 :	0
17 :	0
18 :	0
19 :	0
20 :	0
21 :	0
22 :	0
23 :	0
24 :	0
25 :	0
26 :	0
27 :	0
28 :	0
29 :	0
30 :	0
31 :	2295
32 :	7395
33 :	12495
34 :	17595
35 :	22695
36 :	27795
37 :	32895
38 :	37995
39 :	43095
40 :	48195
41 :	53295
42 :	58395
43 :	63495
44 :	3059
45 :	8159
46 :	13259
47 :	18359
48 :	21164
49 :	21164
50 :	21164
51 :	21164
52 :	21164
53 :	21164
54 :	21164
55 :	21164
56 :	21164
57 :	21164
58 :	21164
59 :	21164
60 :	21164
61 :	21164
62 :	21164
63 :	21164

Info: /OSCI/SystemC: Simulation stopped by user.
INFO: [SIM 1] CSim done with 0 errors.
INFO: [SIM 3] *************** CSIM finish ***************
