INFO-FLOW: Workspace D:/Project_iot/FIR_VIVADO/solution1 opened at Tue Jun 20 11:57:00 +0700 2023
Execute     ap_set_clock -name default -period 10 -default=false 
INFO: [SYN 201-201] Setting up clock 'default' with a period of 10ns.
Execute     ap_set_clock -name default -uncertainty 0 
INFO: [SYN 201-201] Setting up clock 'default' with an uncertainty of 0ns.
WARNING: [HLS 200-40] Cannot find library 'D:/Vitis_vivado/Vitis/2020.1/common/technology/xilinx.lib'.
WARNING: [HLS 200-40] Cannot find library 'xilinx//'.
WARNING: [HLS 200-40] Cannot find library 'D:/Vitis_vivado/Vitis/2020.1/common/technology/xilinx/_fpv7.lib'.
WARNING: [HLS 200-40] Cannot find library 'xilinx//_fpv7'.
Execute     set_part - 
INFO-FLOW: DBG:set_part: XILINX_VIVADO=D:/Vitis_vivado/Vivado/2020.1
INFO-FLOW: DBG:set_part: RDI_DATADIR=D:/Vitis_vivado/Vivado/2020.1/data;D:/Vitis_vivado/Vitis/2020.1/data
Execute       ap_part_info -name - -data single -quiet 
DBG:HLSDevice: Trying to load device library: D:/Vitis_vivado/Vitis/2020.1\lib\win64.o\librdi_hlsvwrap.dll
DBG:HLSDevice: first parts/arch.xml in RDI_DATADIR: D:/Vitis_vivado/Vivado/2020.1/data/parts/arch.xml
Command       ap_part_info done; 0.914 sec.
Execute       ap_family_info 
Execute       send_msg_by_id ERROR @200-1023@%s - 
ERROR: [HLS 200-1023] Part '-' is not installed.
Command     set_part done; error code: 2; 0.919 sec.
Command   open_solution done; error code: 2; 0.936 sec.
Command ap_source done; error code: 1; 0.961 sec.
Execute cleanup_all 
